tests\test_decorators.py:5: error: Function is missing a type annotation  [no-untyped-def]
tests\test_decorators.py:7: error: Function is missing a type annotation  [no-untyped-def]
tests\test_decorators.py:15: error: Function is missing a type annotation  [no-untyped-def]
tests\test_decorators.py:17: error: Function is missing a type annotation  [no-untyped-def]
tests\test_decorators.py:29: error: Function is missing a return type annotation  [no-untyped-def]
tests\test_decorators.py:35: error: Function is missing a type annotation  [no-untyped-def]
tests\test_decorators.py:45: error: Function is missing a return type annotation  [no-untyped-def]
tests\test_decorators.py:45: note: Use "-> None" if function does not return a value
tests\test_decorators.py:51: error: Function is missing a return type annotation  [no-untyped-def]
tests\test_decorators.py:51: note: Use "-> None" if function does not return a value
Found 8 errors in 1 file (checked 2 source files)
